<?xml version="1.0" encoding="UTF-8"?>
<testsuite xmlns:xsi="http://www.w3.org/2001/XMLSchema-instance" xsi:noNamespaceSchemaLocation="https://maven.apache.org/surefire/maven-surefire-plugin/xsd/surefire-test-report-3.0.xsd" version="3.0" name="specs.component.content.download.DownloadScreenshotSpec" time="413.288" tests="114" errors="0" skipped="0" failures="0">
  <properties>
    <property name="awt.toolkit" value="sun.awt.X11.XToolkit"/>
    <property name="geb.build.reportsDir" value="remote-seleniumhub-chrome/test-reports/geb"/>
    <property name="file.encoding.pkg" value="sun.io"/>
    <property name="java.specification.version" value="1.8"/>
    <property name="sun.cpu.isalist" value=""/>
    <property name="sun.jnu.encoding" value="ANSI_X3.4-1968"/>
    <property name="java.class.path" value="/build/aemdesign-aem-support/aemdesign-testing/remote-seleniumhub-chrome/test-classes:/build/aemdesign-aem-support/aemdesign-testing/remote-seleniumhub-chrome/test-classes:/root/.m2/repository/com/athaydes/spock-reports/1.6.1/spock-reports-1.6.1.jar:/root/.m2/repository/org/codehaus/groovy/groovy-all/2.4.14/groovy-all-2.4.14.jar:/root/.m2/repository/junit/junit/4.12/junit-4.12.jar:/root/.m2/repository/org/spockframework/spock-core/1.1-groovy-2.4/spock-core-1.1-groovy-2.4.jar:/root/.m2/repository/org/gebish/geb-spock/2.2/geb-spock-2.2.jar:/root/.m2/repository/org/gebish/geb-core/2.2/geb-core-2.2.jar:/root/.m2/repository/org/gebish/geb-ast/2.2/geb-ast-2.2.jar:/root/.m2/repository/org/gebish/geb-waiting/2.2/geb-waiting-2.2.jar:/root/.m2/repository/org/gebish/geb-implicit-assertions/2.2/geb-implicit-assertions-2.2.jar:/root/.m2/repository/org/gebish/geb-exceptions/2.2/geb-exceptions-2.2.jar:/root/.m2/repository/org/jodd/jodd-lagarto/3.7.1/jodd-lagarto-3.7.1.jar:/root/.m2/repository/org/jodd/jodd-core/3.7.1/jodd-core-3.7.1.jar:/root/.m2/repository/org/jodd/jodd-log/3.7.1/jodd-log-3.7.1.jar:/root/.m2/repository/org/seleniumhq/selenium/selenium-java/3.141.5/selenium-java-3.141.5.jar:/root/.m2/repository/org/seleniumhq/selenium/selenium-api/3.141.5/selenium-api-3.141.5.jar:/root/.m2/repository/org/seleniumhq/selenium/selenium-edge-driver/3.141.5/selenium-edge-driver-3.141.5.jar:/root/.m2/repository/org/seleniumhq/selenium/selenium-ie-driver/3.141.5/selenium-ie-driver-3.141.5.jar:/root/.m2/repository/org/seleniumhq/selenium/selenium-opera-driver/3.141.5/selenium-opera-driver-3.141.5.jar:/root/.m2/repository/net/bytebuddy/byte-buddy/1.8.15/byte-buddy-1.8.15.jar:/root/.m2/repository/org/apache/commons/commons-exec/1.3/commons-exec-1.3.jar:/root/.m2/repository/com/squareup/okhttp3/okhttp/3.11.0/okhttp-3.11.0.jar:/root/.m2/repository/com/squareup/okio/okio/1.14.0/okio-1.14.0.jar:/root/.m2/repository/org/apache/commons/commons-lang3/3.5/commons-lang3-3.5.jar:/root/.m2/repository/org/seleniumhq/selenium/selenium-firefox-driver/3.141.5/selenium-firefox-driver-3.141.5.jar:/root/.m2/repository/org/seleniumhq/selenium/selenium-htmlunit-driver/2.52.0/selenium-htmlunit-driver-2.52.0.jar:/root/.m2/repository/net/sourceforge/htmlunit/htmlunit/2.18/htmlunit-2.18.jar:/root/.m2/repository/xalan/xalan/2.7.2/xalan-2.7.2.jar:/root/.m2/repository/xalan/serializer/2.7.2/serializer-2.7.2.jar:/root/.m2/repository/org/apache/httpcomponents/httpmime/4.5/httpmime-4.5.jar:/root/.m2/repository/commons-codec/commons-codec/1.10/commons-codec-1.10.jar:/root/.m2/repository/net/sourceforge/htmlunit/htmlunit-core-js/2.17/htmlunit-core-js-2.17.jar:/root/.m2/repository/xerces/xercesImpl/2.11.0/xercesImpl-2.11.0.jar:/root/.m2/repository/xml-apis/xml-apis/1.4.01/xml-apis-1.4.01.jar:/root/.m2/repository/net/sourceforge/nekohtml/nekohtml/1.9.22/nekohtml-1.9.22.jar:/root/.m2/repository/net/sourceforge/cssparser/cssparser/0.9.16/cssparser-0.9.16.jar:/root/.m2/repository/org/w3c/css/sac/1.3/sac-1.3.jar:/root/.m2/repository/commons-logging/commons-logging/1.2/commons-logging-1.2.jar:/root/.m2/repository/org/eclipse/jetty/websocket/websocket-client/9.2.12.v20150709/websocket-client-9.2.12.v20150709.jar:/root/.m2/repository/org/eclipse/jetty/jetty-util/9.2.12.v20150709/jetty-util-9.2.12.v20150709.jar:/root/.m2/repository/org/eclipse/jetty/jetty-io/9.2.12.v20150709/jetty-io-9.2.12.v20150709.jar:/root/.m2/repository/org/eclipse/jetty/websocket/websocket-common/9.2.12.v20150709/websocket-common-9.2.12.v20150709.jar:/root/.m2/repository/org/eclipse/jetty/websocket/websocket-api/9.2.12.v20150709/websocket-api-9.2.12.v20150709.jar:/root/.m2/repository/commons-collections/commons-collections/3.2.2/commons-collections-3.2.2.jar:/root/.m2/repository/org/apache/httpcomponents/httpclient/4.5.1/httpclient-4.5.1.jar:/root/.m2/repository/org/apache/httpcomponents/httpcore/4.4.3/httpcore-4.4.3.jar:/root/.m2/repository/org/seleniumhq/selenium/selenium-chrome-driver/3.141.5/selenium-chrome-driver-3.141.5.jar:/root/.m2/repository/org/seleniumhq/selenium/selenium-safari-driver/3.141.5/selenium-safari-driver-3.141.5.jar:/root/.m2/repository/org/seleniumhq/selenium/selenium-remote-driver/3.141.5/selenium-remote-driver-3.141.5.jar:/root/.m2/repository/com/codeborne/phantomjsdriver/1.4.3/phantomjsdriver-1.4.3.jar:/root/.m2/repository/com/opera/operadriver/1.5/operadriver-1.5.jar:/root/.m2/repository/com/opera/operalaunchers/1.1/operalaunchers-1.1.jar:/root/.m2/repository/com/google/protobuf/protobuf-java/2.4.1/protobuf-java-2.4.1.jar:/root/.m2/repository/commons-jxpath/commons-jxpath/1.3/commons-jxpath-1.3.jar:/root/.m2/repository/org/ini4j/ini4j/0.5.2/ini4j-0.5.2.jar:/root/.m2/repository/org/seleniumhq/selenium/selenium-support/3.141.5/selenium-support-3.141.5.jar:/root/.m2/repository/cglib/cglib-nodep/3.2.5/cglib-nodep-3.2.5.jar:/root/.m2/repository/org/objenesis/objenesis/1.4/objenesis-1.4.jar:/root/.m2/repository/org/hamcrest/hamcrest-core/1.3/hamcrest-core-1.3.jar:/root/.m2/repository/org/slf4j/slf4j-api/1.7.25/slf4j-api-1.7.25.jar:/root/.m2/repository/org/slf4j/slf4j-log4j12/1.7.25/slf4j-log4j12-1.7.25.jar:/root/.m2/repository/log4j/log4j/1.2.17/log4j-1.2.17.jar:/root/.m2/repository/com/assertthat/selenium-shutterbug/0.9/selenium-shutterbug-0.9.jar:/root/.m2/repository/commons-io/commons-io/2.5/commons-io-2.5.jar:/root/.m2/repository/com/google/guava/guava/27.0.1-jre/guava-27.0.1-jre.jar:/root/.m2/repository/com/google/guava/failureaccess/1.0.1/failureaccess-1.0.1.jar:/root/.m2/repository/com/google/guava/listenablefuture/9999.0-empty-to-avoid-conflict-with-guava/listenablefuture-9999.0-empty-to-avoid-conflict-with-guava.jar:/root/.m2/repository/com/google/code/findbugs/jsr305/3.0.2/jsr305-3.0.2.jar:/root/.m2/repository/org/checkerframework/checker-qual/2.5.2/checker-qual-2.5.2.jar:/root/.m2/repository/com/google/errorprone/error_prone_annotations/2.2.0/error_prone_annotations-2.2.0.jar:/root/.m2/repository/com/google/j2objc/j2objc-annotations/1.1/j2objc-annotations-1.1.jar:/root/.m2/repository/org/codehaus/mojo/animal-sniffer-annotations/1.17/animal-sniffer-annotations-1.17.jar:/root/.m2/repository/io/appium/java-client/4.1.2/java-client-4.1.2.jar:/root/.m2/repository/com/google/code/gson/gson/2.7/gson-2.7.jar:/root/.m2/repository/commons-validator/commons-validator/1.5.1/commons-validator-1.5.1.jar:/root/.m2/repository/commons-beanutils/commons-beanutils/1.9.2/commons-beanutils-1.9.2.jar:/root/.m2/repository/commons-digester/commons-digester/1.8.1/commons-digester-1.8.1.jar:/root/.m2/repository/org/springframework/spring-context/4.3.2.RELEASE/spring-context-4.3.2.RELEASE.jar:/root/.m2/repository/org/springframework/spring-aop/4.3.2.RELEASE/spring-aop-4.3.2.RELEASE.jar:/root/.m2/repository/org/springframework/spring-beans/4.3.2.RELEASE/spring-beans-4.3.2.RELEASE.jar:/root/.m2/repository/org/springframework/spring-core/4.3.2.RELEASE/spring-core-4.3.2.RELEASE.jar:/root/.m2/repository/org/springframework/spring-expression/4.3.2.RELEASE/spring-expression-4.3.2.RELEASE.jar:/root/.m2/repository/org/aspectj/aspectjweaver/1.8.9/aspectjweaver-1.8.9.jar:"/>
    <property name="geb.build.baseUrl" value="http://10.71.21.34:4502"/>
    <property name="java.vm.vendor" value="Oracle Corporation"/>
    <property name="com.athaydes.spockframework.report.outputDir" value="remote-seleniumhub-chrome/spock-reports"/>
    <property name="sun.arch.data.model" value="64"/>
    <property name="sun.font.fontmanager" value="sun.awt.X11FontManager"/>
    <property name="crx.host" value="10.71.21.34"/>
    <property name="java.vendor.url" value="http://java.oracle.com/"/>
    <property name="user.timezone" value="UTC"/>
    <property name="java.vm.specification.version" value="1.8"/>
    <property name="os.name" value="Linux"/>
    <property name="user.country" value="US"/>
    <property name="sun.java.launcher" value="SUN_STANDARD"/>
    <property name="sun.boot.library.path" value="/usr/lib/jvm/java-1.8.0-openjdk-1.8.0.191.b12-1.el7_6.x86_64/jre/lib/amd64"/>
    <property name="sun.java.command" value="/build/aemdesign-aem-support/aemdesign-testing/remote-seleniumhub-chrome/surefire/surefirebooter5814380867400469169.jar /build/aemdesign-aem-support/aemdesign-testing/remote-seleniumhub-chrome/surefire 2019-07-23T04-05-39_576-jvmRun1 surefire7148748633801149129tmp surefire_05251415798416395995tmp"/>
    <property name="com.athaydes.spockframework.report.aggregatedJsonReportDir" value="remote-seleniumhub-chrome/spock-reports"/>
    <property name="selenumhuburl" value="http://10.71.21.34:32768/wd/hub"/>
    <property name="test" value="Download*,Aside*,Article*,Link*,Table*,Text*,Footer*,Header*,RedirectNotification*,ContentBlockA*,ContentBlockP*,ContentBlockS*,ContentBlockM*,PageList*,PageDetails*,Columns*,Breadcrumb*,Image*,Video*,ContactDetails*,EmbedSource*,Navbar*,NavList*,PageTitle*,PageTags*,PageDate*,PageDescription*,DataLayer*,External*,PageAuthor*,EventDetails*,OnlineMedia*,Reference*,List*,SearchList*,Audio*,Tooltip*,NewsDetails*,LocationDetails*,NewsList*,ContactList*,ShareButton*,LocationList*,ContentTabs*,Timing*,StaticInclude*,TagList*,LangNav*,AssetList*,ListNav*,ContentBlockC*, "/>
    <property name="surefire.test.class.path" value="/build/aemdesign-aem-support/aemdesign-testing/remote-seleniumhub-chrome/test-classes:/build/aemdesign-aem-support/aemdesign-testing/remote-seleniumhub-chrome/test-classes:/root/.m2/repository/com/athaydes/spock-reports/1.6.1/spock-reports-1.6.1.jar:/root/.m2/repository/org/codehaus/groovy/groovy-all/2.4.14/groovy-all-2.4.14.jar:/root/.m2/repository/junit/junit/4.12/junit-4.12.jar:/root/.m2/repository/org/spockframework/spock-core/1.1-groovy-2.4/spock-core-1.1-groovy-2.4.jar:/root/.m2/repository/org/gebish/geb-spock/2.2/geb-spock-2.2.jar:/root/.m2/repository/org/gebish/geb-core/2.2/geb-core-2.2.jar:/root/.m2/repository/org/gebish/geb-ast/2.2/geb-ast-2.2.jar:/root/.m2/repository/org/gebish/geb-waiting/2.2/geb-waiting-2.2.jar:/root/.m2/repository/org/gebish/geb-implicit-assertions/2.2/geb-implicit-assertions-2.2.jar:/root/.m2/repository/org/gebish/geb-exceptions/2.2/geb-exceptions-2.2.jar:/root/.m2/repository/org/jodd/jodd-lagarto/3.7.1/jodd-lagarto-3.7.1.jar:/root/.m2/repository/org/jodd/jodd-core/3.7.1/jodd-core-3.7.1.jar:/root/.m2/repository/org/jodd/jodd-log/3.7.1/jodd-log-3.7.1.jar:/root/.m2/repository/org/seleniumhq/selenium/selenium-java/3.141.5/selenium-java-3.141.5.jar:/root/.m2/repository/org/seleniumhq/selenium/selenium-api/3.141.5/selenium-api-3.141.5.jar:/root/.m2/repository/org/seleniumhq/selenium/selenium-edge-driver/3.141.5/selenium-edge-driver-3.141.5.jar:/root/.m2/repository/org/seleniumhq/selenium/selenium-ie-driver/3.141.5/selenium-ie-driver-3.141.5.jar:/root/.m2/repository/org/seleniumhq/selenium/selenium-opera-driver/3.141.5/selenium-opera-driver-3.141.5.jar:/root/.m2/repository/net/bytebuddy/byte-buddy/1.8.15/byte-buddy-1.8.15.jar:/root/.m2/repository/org/apache/commons/commons-exec/1.3/commons-exec-1.3.jar:/root/.m2/repository/com/squareup/okhttp3/okhttp/3.11.0/okhttp-3.11.0.jar:/root/.m2/repository/com/squareup/okio/okio/1.14.0/okio-1.14.0.jar:/root/.m2/repository/org/apache/commons/commons-lang3/3.5/commons-lang3-3.5.jar:/root/.m2/repository/org/seleniumhq/selenium/selenium-firefox-driver/3.141.5/selenium-firefox-driver-3.141.5.jar:/root/.m2/repository/org/seleniumhq/selenium/selenium-htmlunit-driver/2.52.0/selenium-htmlunit-driver-2.52.0.jar:/root/.m2/repository/net/sourceforge/htmlunit/htmlunit/2.18/htmlunit-2.18.jar:/root/.m2/repository/xalan/xalan/2.7.2/xalan-2.7.2.jar:/root/.m2/repository/xalan/serializer/2.7.2/serializer-2.7.2.jar:/root/.m2/repository/org/apache/httpcomponents/httpmime/4.5/httpmime-4.5.jar:/root/.m2/repository/commons-codec/commons-codec/1.10/commons-codec-1.10.jar:/root/.m2/repository/net/sourceforge/htmlunit/htmlunit-core-js/2.17/htmlunit-core-js-2.17.jar:/root/.m2/repository/xerces/xercesImpl/2.11.0/xercesImpl-2.11.0.jar:/root/.m2/repository/xml-apis/xml-apis/1.4.01/xml-apis-1.4.01.jar:/root/.m2/repository/net/sourceforge/nekohtml/nekohtml/1.9.22/nekohtml-1.9.22.jar:/root/.m2/repository/net/sourceforge/cssparser/cssparser/0.9.16/cssparser-0.9.16.jar:/root/.m2/repository/org/w3c/css/sac/1.3/sac-1.3.jar:/root/.m2/repository/commons-logging/commons-logging/1.2/commons-logging-1.2.jar:/root/.m2/repository/org/eclipse/jetty/websocket/websocket-client/9.2.12.v20150709/websocket-client-9.2.12.v20150709.jar:/root/.m2/repository/org/eclipse/jetty/jetty-util/9.2.12.v20150709/jetty-util-9.2.12.v20150709.jar:/root/.m2/repository/org/eclipse/jetty/jetty-io/9.2.12.v20150709/jetty-io-9.2.12.v20150709.jar:/root/.m2/repository/org/eclipse/jetty/websocket/websocket-common/9.2.12.v20150709/websocket-common-9.2.12.v20150709.jar:/root/.m2/repository/org/eclipse/jetty/websocket/websocket-api/9.2.12.v20150709/websocket-api-9.2.12.v20150709.jar:/root/.m2/repository/commons-collections/commons-collections/3.2.2/commons-collections-3.2.2.jar:/root/.m2/repository/org/apache/httpcomponents/httpclient/4.5.1/httpclient-4.5.1.jar:/root/.m2/repository/org/apache/httpcomponents/httpcore/4.4.3/httpcore-4.4.3.jar:/root/.m2/repository/org/seleniumhq/selenium/selenium-chrome-driver/3.141.5/selenium-chrome-driver-3.141.5.jar:/root/.m2/repository/org/seleniumhq/selenium/selenium-safari-driver/3.141.5/selenium-safari-driver-3.141.5.jar:/root/.m2/repository/org/seleniumhq/selenium/selenium-remote-driver/3.141.5/selenium-remote-driver-3.141.5.jar:/root/.m2/repository/com/codeborne/phantomjsdriver/1.4.3/phantomjsdriver-1.4.3.jar:/root/.m2/repository/com/opera/operadriver/1.5/operadriver-1.5.jar:/root/.m2/repository/com/opera/operalaunchers/1.1/operalaunchers-1.1.jar:/root/.m2/repository/com/google/protobuf/protobuf-java/2.4.1/protobuf-java-2.4.1.jar:/root/.m2/repository/commons-jxpath/commons-jxpath/1.3/commons-jxpath-1.3.jar:/root/.m2/repository/org/ini4j/ini4j/0.5.2/ini4j-0.5.2.jar:/root/.m2/repository/org/seleniumhq/selenium/selenium-support/3.141.5/selenium-support-3.141.5.jar:/root/.m2/repository/cglib/cglib-nodep/3.2.5/cglib-nodep-3.2.5.jar:/root/.m2/repository/org/objenesis/objenesis/1.4/objenesis-1.4.jar:/root/.m2/repository/org/hamcrest/hamcrest-core/1.3/hamcrest-core-1.3.jar:/root/.m2/repository/org/slf4j/slf4j-api/1.7.25/slf4j-api-1.7.25.jar:/root/.m2/repository/org/slf4j/slf4j-log4j12/1.7.25/slf4j-log4j12-1.7.25.jar:/root/.m2/repository/log4j/log4j/1.2.17/log4j-1.2.17.jar:/root/.m2/repository/com/assertthat/selenium-shutterbug/0.9/selenium-shutterbug-0.9.jar:/root/.m2/repository/commons-io/commons-io/2.5/commons-io-2.5.jar:/root/.m2/repository/com/google/guava/guava/27.0.1-jre/guava-27.0.1-jre.jar:/root/.m2/repository/com/google/guava/failureaccess/1.0.1/failureaccess-1.0.1.jar:/root/.m2/repository/com/google/guava/listenablefuture/9999.0-empty-to-avoid-conflict-with-guava/listenablefuture-9999.0-empty-to-avoid-conflict-with-guava.jar:/root/.m2/repository/com/google/code/findbugs/jsr305/3.0.2/jsr305-3.0.2.jar:/root/.m2/repository/org/checkerframework/checker-qual/2.5.2/checker-qual-2.5.2.jar:/root/.m2/repository/com/google/errorprone/error_prone_annotations/2.2.0/error_prone_annotations-2.2.0.jar:/root/.m2/repository/com/google/j2objc/j2objc-annotations/1.1/j2objc-annotations-1.1.jar:/root/.m2/repository/org/codehaus/mojo/animal-sniffer-annotations/1.17/animal-sniffer-annotations-1.17.jar:/root/.m2/repository/io/appium/java-client/4.1.2/java-client-4.1.2.jar:/root/.m2/repository/com/google/code/gson/gson/2.7/gson-2.7.jar:/root/.m2/repository/commons-validator/commons-validator/1.5.1/commons-validator-1.5.1.jar:/root/.m2/repository/commons-beanutils/commons-beanutils/1.9.2/commons-beanutils-1.9.2.jar:/root/.m2/repository/commons-digester/commons-digester/1.8.1/commons-digester-1.8.1.jar:/root/.m2/repository/org/springframework/spring-context/4.3.2.RELEASE/spring-context-4.3.2.RELEASE.jar:/root/.m2/repository/org/springframework/spring-aop/4.3.2.RELEASE/spring-aop-4.3.2.RELEASE.jar:/root/.m2/repository/org/springframework/spring-beans/4.3.2.RELEASE/spring-beans-4.3.2.RELEASE.jar:/root/.m2/repository/org/springframework/spring-core/4.3.2.RELEASE/spring-core-4.3.2.RELEASE.jar:/root/.m2/repository/org/springframework/spring-expression/4.3.2.RELEASE/spring-expression-4.3.2.RELEASE.jar:/root/.m2/repository/org/aspectj/aspectjweaver/1.8.9/aspectjweaver-1.8.9.jar:"/>
    <property name="sun.cpu.endian" value="little"/>
    <property name="user.home" value="/root"/>
    <property name="user.language" value="en"/>
    <property name="java.specification.vendor" value="Oracle Corporation"/>
    <property name="java.home" value="/usr/lib/jvm/java-1.8.0-openjdk-1.8.0.191.b12-1.el7_6.x86_64/jre"/>
    <property name="crx.user" value="admin"/>
    <property name="basedir" value="/build/aemdesign-aem-support/aemdesign-testing"/>
    <property name="file.separator" value="/"/>
    <property name="testingdriver" value="remote-seleniumhub-chrome"/>
    <property name="line.separator" value="&#10;"/>
    <property name="java.vm.specification.vendor" value="Oracle Corporation"/>
    <property name="java.specification.name" value="Java Platform API Specification"/>
    <property name="geb.env" value="remote-seleniumhub-chrome"/>
    <property name="java.awt.graphicsenv" value="sun.awt.X11GraphicsEnvironment"/>
    <property name="surefire.real.class.path" value="/build/aemdesign-aem-support/aemdesign-testing/remote-seleniumhub-chrome/surefire/surefirebooter5814380867400469169.jar"/>
    <property name="sun.boot.class.path" value="/usr/lib/jvm/java-1.8.0-openjdk-1.8.0.191.b12-1.el7_6.x86_64/jre/lib/resources.jar:/usr/lib/jvm/java-1.8.0-openjdk-1.8.0.191.b12-1.el7_6.x86_64/jre/lib/rt.jar:/usr/lib/jvm/java-1.8.0-openjdk-1.8.0.191.b12-1.el7_6.x86_64/jre/lib/sunrsasign.jar:/usr/lib/jvm/java-1.8.0-openjdk-1.8.0.191.b12-1.el7_6.x86_64/jre/lib/jsse.jar:/usr/lib/jvm/java-1.8.0-openjdk-1.8.0.191.b12-1.el7_6.x86_64/jre/lib/jce.jar:/usr/lib/jvm/java-1.8.0-openjdk-1.8.0.191.b12-1.el7_6.x86_64/jre/lib/charsets.jar:/usr/lib/jvm/java-1.8.0-openjdk-1.8.0.191.b12-1.el7_6.x86_64/jre/lib/jfr.jar:/usr/lib/jvm/java-1.8.0-openjdk-1.8.0.191.b12-1.el7_6.x86_64/jre/classes"/>
    <property name="sun.management.compiler" value="HotSpot 64-Bit Tiered Compilers"/>
    <property name="java.runtime.version" value="1.8.0_191-b12"/>
    <property name="user.name" value="root"/>
    <property name="path.separator" value=":"/>
    <property name="crx.password" value="admin"/>
    <property name="os.version" value="4.9.125-linuxkit"/>
    <property name="java.endorsed.dirs" value="/usr/lib/jvm/java-1.8.0-openjdk-1.8.0.191.b12-1.el7_6.x86_64/jre/lib/endorsed"/>
    <property name="java.runtime.name" value="OpenJDK Runtime Environment"/>
    <property name="file.encoding" value="ANSI_X3.4-1968"/>
    <property name="java.vm.name" value="OpenJDK 64-Bit Server VM"/>
    <property name="localRepository" value="/root/.m2/repository"/>
    <property name="java.vendor.url.bug" value="http://bugreport.sun.com/bugreport/"/>
    <property name="java.io.tmpdir" value="/tmp"/>
    <property name="java.version" value="1.8.0_191"/>
    <property name="user.dir" value="/build/aemdesign-aem-support/aemdesign-testing"/>
    <property name="os.arch" value="amd64"/>
    <property name="crx.scheme" value="http"/>
    <property name="java.vm.specification.name" value="Java Virtual Machine Specification"/>
    <property name="project.buildDirectory" value="remote-seleniumhub-chrome"/>
    <property name="java.awt.printerjob" value="sun.print.PSPrinterJob"/>
    <property name="sun.os.patch.level" value="unknown"/>
    <property name="java.library.path" value="/usr/java/packages/lib/amd64:/usr/lib64:/lib64:/lib:/usr/lib"/>
    <property name="java.vm.info" value="mixed mode"/>
    <property name="java.vendor" value="Oracle Corporation"/>
    <property name="java.vm.version" value="25.191-b12"/>
    <property name="java.ext.dirs" value="/usr/lib/jvm/java-1.8.0-openjdk-1.8.0.191.b12-1.el7_6.x86_64/jre/lib/ext:/usr/java/packages/lib/ext"/>
    <property name="sun.io.unicode.encoding" value="UnicodeLittle"/>
    <property name="crx.port" value="4502"/>
    <property name="java.class.version" value="52.0"/>
  </properties>
  <testcase name="Appearance of Component Variant: Default in XS" classname="specs.component.content.download.DownloadScreenshotSpec" time="2.995"/>
  <testcase name="Appearance of Component Variant: Default in SM" classname="specs.component.content.download.DownloadScreenshotSpec" time="2.457"/>
  <testcase name="Appearance of Component Variant: Default in MD" classname="specs.component.content.download.DownloadScreenshotSpec" time="2.795"/>
  <testcase name="Appearance of Component Variant: Default in LG" classname="specs.component.content.download.DownloadScreenshotSpec" time="2.849"/>
  <testcase name="Appearance of Component Variant: Default in XLG" classname="specs.component.content.download.DownloadScreenshotSpec" time="3.312"/>
  <testcase name="Appearance of Component Variant: Default in XXLG" classname="specs.component.content.download.DownloadScreenshotSpec" time="3.453"/>
  <testcase name="Appearance of Component Variant: Simple in XS" classname="specs.component.content.download.DownloadScreenshotSpec" time="2.706"/>
  <testcase name="Appearance of Component Variant: Simple in SM" classname="specs.component.content.download.DownloadScreenshotSpec" time="2.62"/>
  <testcase name="Appearance of Component Variant: Simple in MD" classname="specs.component.content.download.DownloadScreenshotSpec" time="3.448"/>
  <testcase name="Appearance of Component Variant: Simple in LG" classname="specs.component.content.download.DownloadScreenshotSpec" time="2.87"/>
  <testcase name="Appearance of Component Variant: Simple in XLG" classname="specs.component.content.download.DownloadScreenshotSpec" time="3.119"/>
  <testcase name="Appearance of Component Variant: Simple in XXLG" classname="specs.component.content.download.DownloadScreenshotSpec" time="3.769"/>
  <testcase name="Appearance of Component Variant: Card in XS" classname="specs.component.content.download.DownloadScreenshotSpec" time="2.871"/>
  <testcase name="Appearance of Component Variant: Card in SM" classname="specs.component.content.download.DownloadScreenshotSpec" time="2.626"/>
  <testcase name="Appearance of Component Variant: Card in MD" classname="specs.component.content.download.DownloadScreenshotSpec" time="2.78"/>
  <testcase name="Appearance of Component Variant: Card in LG" classname="specs.component.content.download.DownloadScreenshotSpec" time="3.077"/>
  <testcase name="Appearance of Component Variant: Card in XLG" classname="specs.component.content.download.DownloadScreenshotSpec" time="3.619"/>
  <testcase name="Appearance of Component Variant: Card in XXLG" classname="specs.component.content.download.DownloadScreenshotSpec" time="3.468"/>
  <testcase name="Appearance of Component Variant: Default with Licensed Image  in XS" classname="specs.component.content.download.DownloadScreenshotSpec" time="2.647"/>
  <testcase name="Appearance of Component Variant: Default with Licensed Image  in SM" classname="specs.component.content.download.DownloadScreenshotSpec" time="2.711"/>
  <testcase name="Appearance of Component Variant: Default with Licensed Image  in MD" classname="specs.component.content.download.DownloadScreenshotSpec" time="3.122"/>
  <testcase name="Appearance of Component Variant: Default with Licensed Image  in LG" classname="specs.component.content.download.DownloadScreenshotSpec" time="3.431"/>
  <testcase name="Appearance of Component Variant: Default with Licensed Image  in XLG" classname="specs.component.content.download.DownloadScreenshotSpec" time="3.211"/>
  <testcase name="Appearance of Component Variant: Default with Licensed Image  in XXLG" classname="specs.component.content.download.DownloadScreenshotSpec" time="3.145"/>
  <testcase name="Appearance of Component Variant: Simple with Licensed Image  in XS" classname="specs.component.content.download.DownloadScreenshotSpec" time="2.794"/>
  <testcase name="Appearance of Component Variant: Simple with Licensed Image  in SM" classname="specs.component.content.download.DownloadScreenshotSpec" time="2.713"/>
  <testcase name="Appearance of Component Variant: Simple with Licensed Image  in MD" classname="specs.component.content.download.DownloadScreenshotSpec" time="2.757"/>
  <testcase name="Appearance of Component Variant: Simple with Licensed Image  in LG" classname="specs.component.content.download.DownloadScreenshotSpec" time="3.15"/>
  <testcase name="Appearance of Component Variant: Simple with Licensed Image  in XLG" classname="specs.component.content.download.DownloadScreenshotSpec" time="3.29"/>
  <testcase name="Appearance of Component Variant: Simple with Licensed Image  in XXLG" classname="specs.component.content.download.DownloadScreenshotSpec" time="3.569"/>
  <testcase name="Appearance of Component Variant: Card with Licensed Image in XS" classname="specs.component.content.download.DownloadScreenshotSpec" time="2.623"/>
  <testcase name="Appearance of Component Variant: Card with Licensed Image in SM" classname="specs.component.content.download.DownloadScreenshotSpec" time="2.709"/>
  <testcase name="Appearance of Component Variant: Card with Licensed Image in MD" classname="specs.component.content.download.DownloadScreenshotSpec" time="2.862"/>
  <testcase name="Appearance of Component Variant: Card with Licensed Image in LG" classname="specs.component.content.download.DownloadScreenshotSpec" time="3.268"/>
  <testcase name="Appearance of Component Variant: Card with Licensed Image in XLG" classname="specs.component.content.download.DownloadScreenshotSpec" time="3.469"/>
  <testcase name="Appearance of Component Variant: Card with Licensed Image in XXLG" classname="specs.component.content.download.DownloadScreenshotSpec" time="3.583"/>
  <testcase name="Appearance of Component Variant: Default with Title and Description in XS" classname="specs.component.content.download.DownloadScreenshotSpec" time="2.102"/>
  <testcase name="Appearance of Component Variant: Default with Title and Description in SM" classname="specs.component.content.download.DownloadScreenshotSpec" time="2.982"/>
  <testcase name="Appearance of Component Variant: Default with Title and Description in MD" classname="specs.component.content.download.DownloadScreenshotSpec" time="2.741"/>
  <testcase name="Appearance of Component Variant: Default with Title and Description in LG" classname="specs.component.content.download.DownloadScreenshotSpec" time="3.234"/>
  <testcase name="Appearance of Component Variant: Default with Title and Description in XLG" classname="specs.component.content.download.DownloadScreenshotSpec" time="3.105"/>
  <testcase name="Appearance of Component Variant: Default with Title and Description in XXLG" classname="specs.component.content.download.DownloadScreenshotSpec" time="3.416"/>
  <testcase name="Appearance of Component Variant: Simple with Title and Description in XS" classname="specs.component.content.download.DownloadScreenshotSpec" time="2.555"/>
  <testcase name="Appearance of Component Variant: Simple with Title and Description in SM" classname="specs.component.content.download.DownloadScreenshotSpec" time="2.779"/>
  <testcase name="Appearance of Component Variant: Simple with Title and Description in MD" classname="specs.component.content.download.DownloadScreenshotSpec" time="2.594"/>
  <testcase name="Appearance of Component Variant: Simple with Title and Description in LG" classname="specs.component.content.download.DownloadScreenshotSpec" time="3.156"/>
  <testcase name="Appearance of Component Variant: Simple with Title and Description in XLG" classname="specs.component.content.download.DownloadScreenshotSpec" time="3.281"/>
  <testcase name="Appearance of Component Variant: Simple with Title and Description in XXLG" classname="specs.component.content.download.DownloadScreenshotSpec" time="3.603"/>
  <testcase name="Appearance of Component Variant: Card with Title and Description in XS" classname="specs.component.content.download.DownloadScreenshotSpec" time="2.843"/>
  <testcase name="Appearance of Component Variant: Card with Title and Description in SM" classname="specs.component.content.download.DownloadScreenshotSpec" time="2.842"/>
  <testcase name="Appearance of Component Variant: Card with Title and Description in MD" classname="specs.component.content.download.DownloadScreenshotSpec" time="2.609"/>
  <testcase name="Appearance of Component Variant: Card with Title and Description in LG" classname="specs.component.content.download.DownloadScreenshotSpec" time="3.004"/>
  <testcase name="Appearance of Component Variant: Card with Title and Description in XLG" classname="specs.component.content.download.DownloadScreenshotSpec" time="3.433"/>
  <testcase name="Appearance of Component Variant: Card with Title and Description in XXLG" classname="specs.component.content.download.DownloadScreenshotSpec" time="3.932"/>
  <testcase name="Appearance of Component Variant: Simple with Thumbnail Icon in XS" classname="specs.component.content.download.DownloadScreenshotSpec" time="2.908"/>
  <testcase name="Appearance of Component Variant: Simple with Thumbnail Icon in SM" classname="specs.component.content.download.DownloadScreenshotSpec" time="2.962"/>
  <testcase name="Appearance of Component Variant: Simple with Thumbnail Icon in MD" classname="specs.component.content.download.DownloadScreenshotSpec" time="3.178"/>
  <testcase name="Appearance of Component Variant: Simple with Thumbnail Icon in LG" classname="specs.component.content.download.DownloadScreenshotSpec" time="3.247"/>
  <testcase name="Appearance of Component Variant: Simple with Thumbnail Icon in XLG" classname="specs.component.content.download.DownloadScreenshotSpec" time="3.675"/>
  <testcase name="Appearance of Component Variant: Simple with Thumbnail Icon in XXLG" classname="specs.component.content.download.DownloadScreenshotSpec" time="3.66"/>
  <testcase name="Appearance of Component Variant: Card with Thumbnail Icon in XS" classname="specs.component.content.download.DownloadScreenshotSpec" time="2.986"/>
  <testcase name="Appearance of Component Variant: Card with Thumbnail Icon in SM" classname="specs.component.content.download.DownloadScreenshotSpec" time="3.205"/>
  <testcase name="Appearance of Component Variant: Card with Thumbnail Icon in MD" classname="specs.component.content.download.DownloadScreenshotSpec" time="3.082"/>
  <testcase name="Appearance of Component Variant: Card with Thumbnail Icon in LG" classname="specs.component.content.download.DownloadScreenshotSpec" time="3.318"/>
  <testcase name="Appearance of Component Variant: Card with Thumbnail Icon in XLG" classname="specs.component.content.download.DownloadScreenshotSpec" time="3.624"/>
  <testcase name="Appearance of Component Variant: Card with Thumbnail Icon in XXLG" classname="specs.component.content.download.DownloadScreenshotSpec" time="3.941"/>
  <testcase name="Appearance of Component Variant: Simple with Thumbnail using Asset DAM Rendition Icon in XS" classname="specs.component.content.download.DownloadScreenshotSpec" time="2.822"/>
  <testcase name="Appearance of Component Variant: Simple with Thumbnail using Asset DAM Rendition Icon in SM" classname="specs.component.content.download.DownloadScreenshotSpec" time="3.778"/>
  <testcase name="Appearance of Component Variant: Simple with Thumbnail using Asset DAM Rendition Icon in MD" classname="specs.component.content.download.DownloadScreenshotSpec" time="5.42"/>
  <testcase name="Appearance of Component Variant: Simple with Thumbnail using Asset DAM Rendition Icon in LG" classname="specs.component.content.download.DownloadScreenshotSpec" time="6.871"/>
  <testcase name="Appearance of Component Variant: Simple with Thumbnail using Asset DAM Rendition Icon in XLG" classname="specs.component.content.download.DownloadScreenshotSpec" time="6.88"/>
  <testcase name="Appearance of Component Variant: Simple with Thumbnail using Asset DAM Rendition Icon in XXLG" classname="specs.component.content.download.DownloadScreenshotSpec" time="6.822"/>
  <testcase name="Appearance of Component Variant: Card with Thumbnail using Asset DAM Rendition in XS" classname="specs.component.content.download.DownloadScreenshotSpec" time="2.883"/>
  <testcase name="Appearance of Component Variant: Card with Thumbnail using Asset DAM Rendition in SM" classname="specs.component.content.download.DownloadScreenshotSpec" time="3.654"/>
  <testcase name="Appearance of Component Variant: Card with Thumbnail using Asset DAM Rendition in MD" classname="specs.component.content.download.DownloadScreenshotSpec" time="5.43"/>
  <testcase name="Appearance of Component Variant: Card with Thumbnail using Asset DAM Rendition in LG" classname="specs.component.content.download.DownloadScreenshotSpec" time="6.59"/>
  <testcase name="Appearance of Component Variant: Card with Thumbnail using Asset DAM Rendition in XLG" classname="specs.component.content.download.DownloadScreenshotSpec" time="7.045"/>
  <testcase name="Appearance of Component Variant: Card with Thumbnail using Asset DAM Rendition in XXLG" classname="specs.component.content.download.DownloadScreenshotSpec" time="7.025"/>
  <testcase name="Appearance of Component Variant: Simple with Thumbnail using Thumbnail DAM Rendition in XS" classname="specs.component.content.download.DownloadScreenshotSpec" time="2.813"/>
  <testcase name="Appearance of Component Variant: Simple with Thumbnail using Thumbnail DAM Rendition in SM" classname="specs.component.content.download.DownloadScreenshotSpec" time="3.734"/>
  <testcase name="Appearance of Component Variant: Simple with Thumbnail using Thumbnail DAM Rendition in MD" classname="specs.component.content.download.DownloadScreenshotSpec" time="3.487"/>
  <testcase name="Appearance of Component Variant: Simple with Thumbnail using Thumbnail DAM Rendition in LG" classname="specs.component.content.download.DownloadScreenshotSpec" time="3.806"/>
  <testcase name="Appearance of Component Variant: Simple with Thumbnail using Thumbnail DAM Rendition in XLG" classname="specs.component.content.download.DownloadScreenshotSpec" time="4.203"/>
  <testcase name="Appearance of Component Variant: Simple with Thumbnail using Thumbnail DAM Rendition in XXLG" classname="specs.component.content.download.DownloadScreenshotSpec" time="4.733"/>
  <testcase name="Appearance of Component Variant: Card with Thumbnail using Thumbnail DAM Rendition in XS" classname="specs.component.content.download.DownloadScreenshotSpec" time="2.899"/>
  <testcase name="Appearance of Component Variant: Card with Thumbnail using Thumbnail DAM Rendition in SM" classname="specs.component.content.download.DownloadScreenshotSpec" time="2.85"/>
  <testcase name="Appearance of Component Variant: Card with Thumbnail using Thumbnail DAM Rendition in MD" classname="specs.component.content.download.DownloadScreenshotSpec" time="3.338"/>
  <testcase name="Appearance of Component Variant: Card with Thumbnail using Thumbnail DAM Rendition in LG" classname="specs.component.content.download.DownloadScreenshotSpec" time="3.873"/>
  <testcase name="Appearance of Component Variant: Card with Thumbnail using Thumbnail DAM Rendition in XLG" classname="specs.component.content.download.DownloadScreenshotSpec" time="4.418"/>
  <testcase name="Appearance of Component Variant: Card with Thumbnail using Thumbnail DAM Rendition in XXLG" classname="specs.component.content.download.DownloadScreenshotSpec" time="4.621"/>
  <testcase name="Appearance of Component Variant: Simple with Custom Thumbnail Rendition in XS" classname="specs.component.content.download.DownloadScreenshotSpec" time="2.854"/>
  <testcase name="Appearance of Component Variant: Simple with Custom Thumbnail Rendition in SM" classname="specs.component.content.download.DownloadScreenshotSpec" time="3.095"/>
  <testcase name="Appearance of Component Variant: Simple with Custom Thumbnail Rendition in MD" classname="specs.component.content.download.DownloadScreenshotSpec" time="3.691"/>
  <testcase name="Appearance of Component Variant: Simple with Custom Thumbnail Rendition in LG" classname="specs.component.content.download.DownloadScreenshotSpec" time="4.544"/>
  <testcase name="Appearance of Component Variant: Simple with Custom Thumbnail Rendition in XLG" classname="specs.component.content.download.DownloadScreenshotSpec" time="4.58"/>
  <testcase name="Appearance of Component Variant: Simple with Custom Thumbnail Rendition in XXLG" classname="specs.component.content.download.DownloadScreenshotSpec" time="5.266"/>
  <testcase name="Appearance of Component Variant: Card with Custom Thumbnail Rendition in XS" classname="specs.component.content.download.DownloadScreenshotSpec" time="3.039"/>
  <testcase name="Appearance of Component Variant: Card with Custom Thumbnail Rendition in SM" classname="specs.component.content.download.DownloadScreenshotSpec" time="3.127"/>
  <testcase name="Appearance of Component Variant: Card with Custom Thumbnail Rendition in MD" classname="specs.component.content.download.DownloadScreenshotSpec" time="3.666"/>
  <testcase name="Appearance of Component Variant: Card with Custom Thumbnail Rendition in LG" classname="specs.component.content.download.DownloadScreenshotSpec" time="4.525"/>
  <testcase name="Appearance of Component Variant: Card with Custom Thumbnail Rendition in XLG" classname="specs.component.content.download.DownloadScreenshotSpec" time="4.631"/>
  <testcase name="Appearance of Component Variant: Card with Custom Thumbnail Rendition in XXLG" classname="specs.component.content.download.DownloadScreenshotSpec" time="5.328"/>
  <testcase name="Appearance of Component Variant: Simple with Thumbnail using Asset DAM Rendition and Width Set Icon in XS" classname="specs.component.content.download.DownloadScreenshotSpec" time="2.773"/>
  <testcase name="Appearance of Component Variant: Simple with Thumbnail using Asset DAM Rendition and Width Set Icon in SM" classname="specs.component.content.download.DownloadScreenshotSpec" time="3.39"/>
  <testcase name="Appearance of Component Variant: Simple with Thumbnail using Asset DAM Rendition and Width Set Icon in MD" classname="specs.component.content.download.DownloadScreenshotSpec" time="5.545"/>
  <testcase name="Appearance of Component Variant: Simple with Thumbnail using Asset DAM Rendition and Width Set Icon in LG" classname="specs.component.content.download.DownloadScreenshotSpec" time="6.378"/>
  <testcase name="Appearance of Component Variant: Simple with Thumbnail using Asset DAM Rendition and Width Set Icon in XLG" classname="specs.component.content.download.DownloadScreenshotSpec" time="6.708"/>
  <testcase name="Appearance of Component Variant: Simple with Thumbnail using Asset DAM Rendition and Width Set Icon in XXLG" classname="specs.component.content.download.DownloadScreenshotSpec" time="6.874"/>
  <testcase name="Appearance of Component Variant: Simple with Thumbnail using Asset DAM Rendition and Height Set Icon in XS" classname="specs.component.content.download.DownloadScreenshotSpec" time="2.699"/>
  <testcase name="Appearance of Component Variant: Simple with Thumbnail using Asset DAM Rendition and Height Set Icon in SM" classname="specs.component.content.download.DownloadScreenshotSpec" time="3.004"/>
  <testcase name="Appearance of Component Variant: Simple with Thumbnail using Asset DAM Rendition and Height Set Icon in MD" classname="specs.component.content.download.DownloadScreenshotSpec" time="3.081"/>
  <testcase name="Appearance of Component Variant: Simple with Thumbnail using Asset DAM Rendition and Height Set Icon in LG" classname="specs.component.content.download.DownloadScreenshotSpec" time="3.358"/>
  <testcase name="Appearance of Component Variant: Simple with Thumbnail using Asset DAM Rendition and Height Set Icon in XLG" classname="specs.component.content.download.DownloadScreenshotSpec" time="3.537"/>
  <testcase name="Appearance of Component Variant: Simple with Thumbnail using Asset DAM Rendition and Height Set Icon in XXLG" classname="specs.component.content.download.DownloadScreenshotSpec" time="3.704"/>
</testsuite>