<?xml version="1.0" encoding="UTF-8"?>
<testsuite xmlns:xsi="http://www.w3.org/2001/XMLSchema-instance" xsi:noNamespaceSchemaLocation="https://maven.apache.org/surefire/maven-surefire-plugin/xsd/surefire-test-report-3.0.xsd" version="3.0" name="specs.component.lists.pagelist.PageListScreenshotSpec" time="850.139" tests="126" errors="0" skipped="0" failures="0">
  <properties>
    <property name="awt.toolkit" value="sun.awt.X11.XToolkit"/>
    <property name="geb.build.reportsDir" value="remote-seleniumhub-chrome/test-reports/geb"/>
    <property name="file.encoding.pkg" value="sun.io"/>
    <property name="java.specification.version" value="1.8"/>
    <property name="sun.cpu.isalist" value=""/>
    <property name="sun.jnu.encoding" value="ANSI_X3.4-1968"/>
    <property name="java.class.path" value="/build/aemdesign-aem-support/aemdesign-testing/remote-seleniumhub-chrome/test-classes:/build/aemdesign-aem-support/aemdesign-testing/remote-seleniumhub-chrome/test-classes:/root/.m2/repository/com/athaydes/spock-reports/1.6.1/spock-reports-1.6.1.jar:/root/.m2/repository/org/codehaus/groovy/groovy-all/2.4.14/groovy-all-2.4.14.jar:/root/.m2/repository/junit/junit/4.12/junit-4.12.jar:/root/.m2/repository/org/spockframework/spock-core/1.1-groovy-2.4/spock-core-1.1-groovy-2.4.jar:/root/.m2/repository/org/gebish/geb-spock/2.2/geb-spock-2.2.jar:/root/.m2/repository/org/gebish/geb-core/2.2/geb-core-2.2.jar:/root/.m2/repository/org/gebish/geb-ast/2.2/geb-ast-2.2.jar:/root/.m2/repository/org/gebish/geb-waiting/2.2/geb-waiting-2.2.jar:/root/.m2/repository/org/gebish/geb-implicit-assertions/2.2/geb-implicit-assertions-2.2.jar:/root/.m2/repository/org/gebish/geb-exceptions/2.2/geb-exceptions-2.2.jar:/root/.m2/repository/org/jodd/jodd-lagarto/3.7.1/jodd-lagarto-3.7.1.jar:/root/.m2/repository/org/jodd/jodd-core/3.7.1/jodd-core-3.7.1.jar:/root/.m2/repository/org/jodd/jodd-log/3.7.1/jodd-log-3.7.1.jar:/root/.m2/repository/org/seleniumhq/selenium/selenium-java/3.141.5/selenium-java-3.141.5.jar:/root/.m2/repository/org/seleniumhq/selenium/selenium-api/3.141.5/selenium-api-3.141.5.jar:/root/.m2/repository/org/seleniumhq/selenium/selenium-edge-driver/3.141.5/selenium-edge-driver-3.141.5.jar:/root/.m2/repository/org/seleniumhq/selenium/selenium-ie-driver/3.141.5/selenium-ie-driver-3.141.5.jar:/root/.m2/repository/org/seleniumhq/selenium/selenium-opera-driver/3.141.5/selenium-opera-driver-3.141.5.jar:/root/.m2/repository/net/bytebuddy/byte-buddy/1.8.15/byte-buddy-1.8.15.jar:/root/.m2/repository/org/apache/commons/commons-exec/1.3/commons-exec-1.3.jar:/root/.m2/repository/com/squareup/okhttp3/okhttp/3.11.0/okhttp-3.11.0.jar:/root/.m2/repository/com/squareup/okio/okio/1.14.0/okio-1.14.0.jar:/root/.m2/repository/org/apache/commons/commons-lang3/3.5/commons-lang3-3.5.jar:/root/.m2/repository/org/seleniumhq/selenium/selenium-firefox-driver/3.141.5/selenium-firefox-driver-3.141.5.jar:/root/.m2/repository/org/seleniumhq/selenium/selenium-htmlunit-driver/2.52.0/selenium-htmlunit-driver-2.52.0.jar:/root/.m2/repository/net/sourceforge/htmlunit/htmlunit/2.18/htmlunit-2.18.jar:/root/.m2/repository/xalan/xalan/2.7.2/xalan-2.7.2.jar:/root/.m2/repository/xalan/serializer/2.7.2/serializer-2.7.2.jar:/root/.m2/repository/org/apache/httpcomponents/httpmime/4.5/httpmime-4.5.jar:/root/.m2/repository/commons-codec/commons-codec/1.10/commons-codec-1.10.jar:/root/.m2/repository/net/sourceforge/htmlunit/htmlunit-core-js/2.17/htmlunit-core-js-2.17.jar:/root/.m2/repository/xerces/xercesImpl/2.11.0/xercesImpl-2.11.0.jar:/root/.m2/repository/xml-apis/xml-apis/1.4.01/xml-apis-1.4.01.jar:/root/.m2/repository/net/sourceforge/nekohtml/nekohtml/1.9.22/nekohtml-1.9.22.jar:/root/.m2/repository/net/sourceforge/cssparser/cssparser/0.9.16/cssparser-0.9.16.jar:/root/.m2/repository/org/w3c/css/sac/1.3/sac-1.3.jar:/root/.m2/repository/commons-logging/commons-logging/1.2/commons-logging-1.2.jar:/root/.m2/repository/org/eclipse/jetty/websocket/websocket-client/9.2.12.v20150709/websocket-client-9.2.12.v20150709.jar:/root/.m2/repository/org/eclipse/jetty/jetty-util/9.2.12.v20150709/jetty-util-9.2.12.v20150709.jar:/root/.m2/repository/org/eclipse/jetty/jetty-io/9.2.12.v20150709/jetty-io-9.2.12.v20150709.jar:/root/.m2/repository/org/eclipse/jetty/websocket/websocket-common/9.2.12.v20150709/websocket-common-9.2.12.v20150709.jar:/root/.m2/repository/org/eclipse/jetty/websocket/websocket-api/9.2.12.v20150709/websocket-api-9.2.12.v20150709.jar:/root/.m2/repository/commons-collections/commons-collections/3.2.2/commons-collections-3.2.2.jar:/root/.m2/repository/org/apache/httpcomponents/httpclient/4.5.1/httpclient-4.5.1.jar:/root/.m2/repository/org/apache/httpcomponents/httpcore/4.4.3/httpcore-4.4.3.jar:/root/.m2/repository/org/seleniumhq/selenium/selenium-chrome-driver/3.141.5/selenium-chrome-driver-3.141.5.jar:/root/.m2/repository/org/seleniumhq/selenium/selenium-safari-driver/3.141.5/selenium-safari-driver-3.141.5.jar:/root/.m2/repository/org/seleniumhq/selenium/selenium-remote-driver/3.141.5/selenium-remote-driver-3.141.5.jar:/root/.m2/repository/com/codeborne/phantomjsdriver/1.4.3/phantomjsdriver-1.4.3.jar:/root/.m2/repository/com/opera/operadriver/1.5/operadriver-1.5.jar:/root/.m2/repository/com/opera/operalaunchers/1.1/operalaunchers-1.1.jar:/root/.m2/repository/com/google/protobuf/protobuf-java/2.4.1/protobuf-java-2.4.1.jar:/root/.m2/repository/commons-jxpath/commons-jxpath/1.3/commons-jxpath-1.3.jar:/root/.m2/repository/org/ini4j/ini4j/0.5.2/ini4j-0.5.2.jar:/root/.m2/repository/org/seleniumhq/selenium/selenium-support/3.141.5/selenium-support-3.141.5.jar:/root/.m2/repository/cglib/cglib-nodep/3.2.5/cglib-nodep-3.2.5.jar:/root/.m2/repository/org/objenesis/objenesis/1.4/objenesis-1.4.jar:/root/.m2/repository/org/hamcrest/hamcrest-core/1.3/hamcrest-core-1.3.jar:/root/.m2/repository/org/slf4j/slf4j-api/1.7.25/slf4j-api-1.7.25.jar:/root/.m2/repository/org/slf4j/slf4j-log4j12/1.7.25/slf4j-log4j12-1.7.25.jar:/root/.m2/repository/log4j/log4j/1.2.17/log4j-1.2.17.jar:/root/.m2/repository/com/assertthat/selenium-shutterbug/0.9/selenium-shutterbug-0.9.jar:/root/.m2/repository/commons-io/commons-io/2.5/commons-io-2.5.jar:/root/.m2/repository/com/google/guava/guava/27.0.1-jre/guava-27.0.1-jre.jar:/root/.m2/repository/com/google/guava/failureaccess/1.0.1/failureaccess-1.0.1.jar:/root/.m2/repository/com/google/guava/listenablefuture/9999.0-empty-to-avoid-conflict-with-guava/listenablefuture-9999.0-empty-to-avoid-conflict-with-guava.jar:/root/.m2/repository/com/google/code/findbugs/jsr305/3.0.2/jsr305-3.0.2.jar:/root/.m2/repository/org/checkerframework/checker-qual/2.5.2/checker-qual-2.5.2.jar:/root/.m2/repository/com/google/errorprone/error_prone_annotations/2.2.0/error_prone_annotations-2.2.0.jar:/root/.m2/repository/com/google/j2objc/j2objc-annotations/1.1/j2objc-annotations-1.1.jar:/root/.m2/repository/org/codehaus/mojo/animal-sniffer-annotations/1.17/animal-sniffer-annotations-1.17.jar:/root/.m2/repository/io/appium/java-client/4.1.2/java-client-4.1.2.jar:/root/.m2/repository/com/google/code/gson/gson/2.7/gson-2.7.jar:/root/.m2/repository/commons-validator/commons-validator/1.5.1/commons-validator-1.5.1.jar:/root/.m2/repository/commons-beanutils/commons-beanutils/1.9.2/commons-beanutils-1.9.2.jar:/root/.m2/repository/commons-digester/commons-digester/1.8.1/commons-digester-1.8.1.jar:/root/.m2/repository/org/springframework/spring-context/4.3.2.RELEASE/spring-context-4.3.2.RELEASE.jar:/root/.m2/repository/org/springframework/spring-aop/4.3.2.RELEASE/spring-aop-4.3.2.RELEASE.jar:/root/.m2/repository/org/springframework/spring-beans/4.3.2.RELEASE/spring-beans-4.3.2.RELEASE.jar:/root/.m2/repository/org/springframework/spring-core/4.3.2.RELEASE/spring-core-4.3.2.RELEASE.jar:/root/.m2/repository/org/springframework/spring-expression/4.3.2.RELEASE/spring-expression-4.3.2.RELEASE.jar:/root/.m2/repository/org/aspectj/aspectjweaver/1.8.9/aspectjweaver-1.8.9.jar:"/>
    <property name="geb.build.baseUrl" value="http://10.71.21.34:4502"/>
    <property name="java.vm.vendor" value="Oracle Corporation"/>
    <property name="com.athaydes.spockframework.report.outputDir" value="remote-seleniumhub-chrome/spock-reports"/>
    <property name="sun.arch.data.model" value="64"/>
    <property name="sun.font.fontmanager" value="sun.awt.X11FontManager"/>
    <property name="crx.host" value="10.71.21.34"/>
    <property name="java.vendor.url" value="http://java.oracle.com/"/>
    <property name="user.timezone" value="UTC"/>
    <property name="java.vm.specification.version" value="1.8"/>
    <property name="os.name" value="Linux"/>
    <property name="user.country" value="US"/>
    <property name="sun.java.launcher" value="SUN_STANDARD"/>
    <property name="sun.boot.library.path" value="/usr/lib/jvm/java-1.8.0-openjdk-1.8.0.191.b12-1.el7_6.x86_64/jre/lib/amd64"/>
    <property name="sun.java.command" value="/build/aemdesign-aem-support/aemdesign-testing/remote-seleniumhub-chrome/surefire/surefirebooter5814380867400469169.jar /build/aemdesign-aem-support/aemdesign-testing/remote-seleniumhub-chrome/surefire 2019-07-23T04-05-39_576-jvmRun1 surefire7148748633801149129tmp surefire_05251415798416395995tmp"/>
    <property name="com.athaydes.spockframework.report.aggregatedJsonReportDir" value="remote-seleniumhub-chrome/spock-reports"/>
    <property name="selenumhuburl" value="http://10.71.21.34:32768/wd/hub"/>
    <property name="test" value="Download*,Aside*,Article*,Link*,Table*,Text*,Footer*,Header*,RedirectNotification*,ContentBlockA*,ContentBlockP*,ContentBlockS*,ContentBlockM*,PageList*,PageDetails*,Columns*,Breadcrumb*,Image*,Video*,ContactDetails*,EmbedSource*,Navbar*,NavList*,PageTitle*,PageTags*,PageDate*,PageDescription*,DataLayer*,External*,PageAuthor*,EventDetails*,OnlineMedia*,Reference*,List*,SearchList*,Audio*,Tooltip*,NewsDetails*,LocationDetails*,NewsList*,ContactList*,ShareButton*,LocationList*,ContentTabs*,Timing*,StaticInclude*,TagList*,LangNav*,AssetList*,ListNav*,ContentBlockC*, "/>
    <property name="surefire.test.class.path" value="/build/aemdesign-aem-support/aemdesign-testing/remote-seleniumhub-chrome/test-classes:/build/aemdesign-aem-support/aemdesign-testing/remote-seleniumhub-chrome/test-classes:/root/.m2/repository/com/athaydes/spock-reports/1.6.1/spock-reports-1.6.1.jar:/root/.m2/repository/org/codehaus/groovy/groovy-all/2.4.14/groovy-all-2.4.14.jar:/root/.m2/repository/junit/junit/4.12/junit-4.12.jar:/root/.m2/repository/org/spockframework/spock-core/1.1-groovy-2.4/spock-core-1.1-groovy-2.4.jar:/root/.m2/repository/org/gebish/geb-spock/2.2/geb-spock-2.2.jar:/root/.m2/repository/org/gebish/geb-core/2.2/geb-core-2.2.jar:/root/.m2/repository/org/gebish/geb-ast/2.2/geb-ast-2.2.jar:/root/.m2/repository/org/gebish/geb-waiting/2.2/geb-waiting-2.2.jar:/root/.m2/repository/org/gebish/geb-implicit-assertions/2.2/geb-implicit-assertions-2.2.jar:/root/.m2/repository/org/gebish/geb-exceptions/2.2/geb-exceptions-2.2.jar:/root/.m2/repository/org/jodd/jodd-lagarto/3.7.1/jodd-lagarto-3.7.1.jar:/root/.m2/repository/org/jodd/jodd-core/3.7.1/jodd-core-3.7.1.jar:/root/.m2/repository/org/jodd/jodd-log/3.7.1/jodd-log-3.7.1.jar:/root/.m2/repository/org/seleniumhq/selenium/selenium-java/3.141.5/selenium-java-3.141.5.jar:/root/.m2/repository/org/seleniumhq/selenium/selenium-api/3.141.5/selenium-api-3.141.5.jar:/root/.m2/repository/org/seleniumhq/selenium/selenium-edge-driver/3.141.5/selenium-edge-driver-3.141.5.jar:/root/.m2/repository/org/seleniumhq/selenium/selenium-ie-driver/3.141.5/selenium-ie-driver-3.141.5.jar:/root/.m2/repository/org/seleniumhq/selenium/selenium-opera-driver/3.141.5/selenium-opera-driver-3.141.5.jar:/root/.m2/repository/net/bytebuddy/byte-buddy/1.8.15/byte-buddy-1.8.15.jar:/root/.m2/repository/org/apache/commons/commons-exec/1.3/commons-exec-1.3.jar:/root/.m2/repository/com/squareup/okhttp3/okhttp/3.11.0/okhttp-3.11.0.jar:/root/.m2/repository/com/squareup/okio/okio/1.14.0/okio-1.14.0.jar:/root/.m2/repository/org/apache/commons/commons-lang3/3.5/commons-lang3-3.5.jar:/root/.m2/repository/org/seleniumhq/selenium/selenium-firefox-driver/3.141.5/selenium-firefox-driver-3.141.5.jar:/root/.m2/repository/org/seleniumhq/selenium/selenium-htmlunit-driver/2.52.0/selenium-htmlunit-driver-2.52.0.jar:/root/.m2/repository/net/sourceforge/htmlunit/htmlunit/2.18/htmlunit-2.18.jar:/root/.m2/repository/xalan/xalan/2.7.2/xalan-2.7.2.jar:/root/.m2/repository/xalan/serializer/2.7.2/serializer-2.7.2.jar:/root/.m2/repository/org/apache/httpcomponents/httpmime/4.5/httpmime-4.5.jar:/root/.m2/repository/commons-codec/commons-codec/1.10/commons-codec-1.10.jar:/root/.m2/repository/net/sourceforge/htmlunit/htmlunit-core-js/2.17/htmlunit-core-js-2.17.jar:/root/.m2/repository/xerces/xercesImpl/2.11.0/xercesImpl-2.11.0.jar:/root/.m2/repository/xml-apis/xml-apis/1.4.01/xml-apis-1.4.01.jar:/root/.m2/repository/net/sourceforge/nekohtml/nekohtml/1.9.22/nekohtml-1.9.22.jar:/root/.m2/repository/net/sourceforge/cssparser/cssparser/0.9.16/cssparser-0.9.16.jar:/root/.m2/repository/org/w3c/css/sac/1.3/sac-1.3.jar:/root/.m2/repository/commons-logging/commons-logging/1.2/commons-logging-1.2.jar:/root/.m2/repository/org/eclipse/jetty/websocket/websocket-client/9.2.12.v20150709/websocket-client-9.2.12.v20150709.jar:/root/.m2/repository/org/eclipse/jetty/jetty-util/9.2.12.v20150709/jetty-util-9.2.12.v20150709.jar:/root/.m2/repository/org/eclipse/jetty/jetty-io/9.2.12.v20150709/jetty-io-9.2.12.v20150709.jar:/root/.m2/repository/org/eclipse/jetty/websocket/websocket-common/9.2.12.v20150709/websocket-common-9.2.12.v20150709.jar:/root/.m2/repository/org/eclipse/jetty/websocket/websocket-api/9.2.12.v20150709/websocket-api-9.2.12.v20150709.jar:/root/.m2/repository/commons-collections/commons-collections/3.2.2/commons-collections-3.2.2.jar:/root/.m2/repository/org/apache/httpcomponents/httpclient/4.5.1/httpclient-4.5.1.jar:/root/.m2/repository/org/apache/httpcomponents/httpcore/4.4.3/httpcore-4.4.3.jar:/root/.m2/repository/org/seleniumhq/selenium/selenium-chrome-driver/3.141.5/selenium-chrome-driver-3.141.5.jar:/root/.m2/repository/org/seleniumhq/selenium/selenium-safari-driver/3.141.5/selenium-safari-driver-3.141.5.jar:/root/.m2/repository/org/seleniumhq/selenium/selenium-remote-driver/3.141.5/selenium-remote-driver-3.141.5.jar:/root/.m2/repository/com/codeborne/phantomjsdriver/1.4.3/phantomjsdriver-1.4.3.jar:/root/.m2/repository/com/opera/operadriver/1.5/operadriver-1.5.jar:/root/.m2/repository/com/opera/operalaunchers/1.1/operalaunchers-1.1.jar:/root/.m2/repository/com/google/protobuf/protobuf-java/2.4.1/protobuf-java-2.4.1.jar:/root/.m2/repository/commons-jxpath/commons-jxpath/1.3/commons-jxpath-1.3.jar:/root/.m2/repository/org/ini4j/ini4j/0.5.2/ini4j-0.5.2.jar:/root/.m2/repository/org/seleniumhq/selenium/selenium-support/3.141.5/selenium-support-3.141.5.jar:/root/.m2/repository/cglib/cglib-nodep/3.2.5/cglib-nodep-3.2.5.jar:/root/.m2/repository/org/objenesis/objenesis/1.4/objenesis-1.4.jar:/root/.m2/repository/org/hamcrest/hamcrest-core/1.3/hamcrest-core-1.3.jar:/root/.m2/repository/org/slf4j/slf4j-api/1.7.25/slf4j-api-1.7.25.jar:/root/.m2/repository/org/slf4j/slf4j-log4j12/1.7.25/slf4j-log4j12-1.7.25.jar:/root/.m2/repository/log4j/log4j/1.2.17/log4j-1.2.17.jar:/root/.m2/repository/com/assertthat/selenium-shutterbug/0.9/selenium-shutterbug-0.9.jar:/root/.m2/repository/commons-io/commons-io/2.5/commons-io-2.5.jar:/root/.m2/repository/com/google/guava/guava/27.0.1-jre/guava-27.0.1-jre.jar:/root/.m2/repository/com/google/guava/failureaccess/1.0.1/failureaccess-1.0.1.jar:/root/.m2/repository/com/google/guava/listenablefuture/9999.0-empty-to-avoid-conflict-with-guava/listenablefuture-9999.0-empty-to-avoid-conflict-with-guava.jar:/root/.m2/repository/com/google/code/findbugs/jsr305/3.0.2/jsr305-3.0.2.jar:/root/.m2/repository/org/checkerframework/checker-qual/2.5.2/checker-qual-2.5.2.jar:/root/.m2/repository/com/google/errorprone/error_prone_annotations/2.2.0/error_prone_annotations-2.2.0.jar:/root/.m2/repository/com/google/j2objc/j2objc-annotations/1.1/j2objc-annotations-1.1.jar:/root/.m2/repository/org/codehaus/mojo/animal-sniffer-annotations/1.17/animal-sniffer-annotations-1.17.jar:/root/.m2/repository/io/appium/java-client/4.1.2/java-client-4.1.2.jar:/root/.m2/repository/com/google/code/gson/gson/2.7/gson-2.7.jar:/root/.m2/repository/commons-validator/commons-validator/1.5.1/commons-validator-1.5.1.jar:/root/.m2/repository/commons-beanutils/commons-beanutils/1.9.2/commons-beanutils-1.9.2.jar:/root/.m2/repository/commons-digester/commons-digester/1.8.1/commons-digester-1.8.1.jar:/root/.m2/repository/org/springframework/spring-context/4.3.2.RELEASE/spring-context-4.3.2.RELEASE.jar:/root/.m2/repository/org/springframework/spring-aop/4.3.2.RELEASE/spring-aop-4.3.2.RELEASE.jar:/root/.m2/repository/org/springframework/spring-beans/4.3.2.RELEASE/spring-beans-4.3.2.RELEASE.jar:/root/.m2/repository/org/springframework/spring-core/4.3.2.RELEASE/spring-core-4.3.2.RELEASE.jar:/root/.m2/repository/org/springframework/spring-expression/4.3.2.RELEASE/spring-expression-4.3.2.RELEASE.jar:/root/.m2/repository/org/aspectj/aspectjweaver/1.8.9/aspectjweaver-1.8.9.jar:"/>
    <property name="sun.cpu.endian" value="little"/>
    <property name="user.home" value="/root"/>
    <property name="user.language" value="en"/>
    <property name="java.specification.vendor" value="Oracle Corporation"/>
    <property name="java.home" value="/usr/lib/jvm/java-1.8.0-openjdk-1.8.0.191.b12-1.el7_6.x86_64/jre"/>
    <property name="crx.user" value="admin"/>
    <property name="basedir" value="/build/aemdesign-aem-support/aemdesign-testing"/>
    <property name="file.separator" value="/"/>
    <property name="testingdriver" value="remote-seleniumhub-chrome"/>
    <property name="line.separator" value="&#10;"/>
    <property name="java.vm.specification.vendor" value="Oracle Corporation"/>
    <property name="java.specification.name" value="Java Platform API Specification"/>
    <property name="geb.env" value="remote-seleniumhub-chrome"/>
    <property name="java.awt.graphicsenv" value="sun.awt.X11GraphicsEnvironment"/>
    <property name="surefire.real.class.path" value="/build/aemdesign-aem-support/aemdesign-testing/remote-seleniumhub-chrome/surefire/surefirebooter5814380867400469169.jar"/>
    <property name="sun.boot.class.path" value="/usr/lib/jvm/java-1.8.0-openjdk-1.8.0.191.b12-1.el7_6.x86_64/jre/lib/resources.jar:/usr/lib/jvm/java-1.8.0-openjdk-1.8.0.191.b12-1.el7_6.x86_64/jre/lib/rt.jar:/usr/lib/jvm/java-1.8.0-openjdk-1.8.0.191.b12-1.el7_6.x86_64/jre/lib/sunrsasign.jar:/usr/lib/jvm/java-1.8.0-openjdk-1.8.0.191.b12-1.el7_6.x86_64/jre/lib/jsse.jar:/usr/lib/jvm/java-1.8.0-openjdk-1.8.0.191.b12-1.el7_6.x86_64/jre/lib/jce.jar:/usr/lib/jvm/java-1.8.0-openjdk-1.8.0.191.b12-1.el7_6.x86_64/jre/lib/charsets.jar:/usr/lib/jvm/java-1.8.0-openjdk-1.8.0.191.b12-1.el7_6.x86_64/jre/lib/jfr.jar:/usr/lib/jvm/java-1.8.0-openjdk-1.8.0.191.b12-1.el7_6.x86_64/jre/classes"/>
    <property name="sun.management.compiler" value="HotSpot 64-Bit Tiered Compilers"/>
    <property name="java.runtime.version" value="1.8.0_191-b12"/>
    <property name="user.name" value="root"/>
    <property name="path.separator" value=":"/>
    <property name="crx.password" value="admin"/>
    <property name="os.version" value="4.9.125-linuxkit"/>
    <property name="java.endorsed.dirs" value="/usr/lib/jvm/java-1.8.0-openjdk-1.8.0.191.b12-1.el7_6.x86_64/jre/lib/endorsed"/>
    <property name="java.runtime.name" value="OpenJDK Runtime Environment"/>
    <property name="file.encoding" value="ANSI_X3.4-1968"/>
    <property name="java.vm.name" value="OpenJDK 64-Bit Server VM"/>
    <property name="localRepository" value="/root/.m2/repository"/>
    <property name="java.vendor.url.bug" value="http://bugreport.sun.com/bugreport/"/>
    <property name="java.io.tmpdir" value="/tmp"/>
    <property name="java.version" value="1.8.0_191"/>
    <property name="user.dir" value="/build/aemdesign-aem-support/aemdesign-testing"/>
    <property name="os.arch" value="amd64"/>
    <property name="crx.scheme" value="http"/>
    <property name="java.vm.specification.name" value="Java Virtual Machine Specification"/>
    <property name="project.buildDirectory" value="remote-seleniumhub-chrome"/>
    <property name="java.awt.printerjob" value="sun.print.PSPrinterJob"/>
    <property name="sun.os.patch.level" value="unknown"/>
    <property name="java.library.path" value="/usr/java/packages/lib/amd64:/usr/lib64:/lib64:/lib:/usr/lib"/>
    <property name="java.vm.info" value="mixed mode"/>
    <property name="java.vendor" value="Oracle Corporation"/>
    <property name="java.vm.version" value="25.191-b12"/>
    <property name="java.ext.dirs" value="/usr/lib/jvm/java-1.8.0-openjdk-1.8.0.191.b12-1.el7_6.x86_64/jre/lib/ext:/usr/java/packages/lib/ext"/>
    <property name="sun.io.unicode.encoding" value="UnicodeLittle"/>
    <property name="crx.port" value="4502"/>
    <property name="java.class.version" value="52.0"/>
  </properties>
  <testcase name="Appearance of Component with Default variant and Default Badge in XS" classname="specs.component.lists.pagelist.PageListScreenshotSpec" time="4.854"/>
  <testcase name="Appearance of Component with Default variant and Default Badge in SM" classname="specs.component.lists.pagelist.PageListScreenshotSpec" time="4.682"/>
  <testcase name="Appearance of Component with Default variant and Default Badge in MD" classname="specs.component.lists.pagelist.PageListScreenshotSpec" time="4.843"/>
  <testcase name="Appearance of Component with Default variant and Default Badge in LG" classname="specs.component.lists.pagelist.PageListScreenshotSpec" time="4.953"/>
  <testcase name="Appearance of Component with Default variant and Default Badge in XLG" classname="specs.component.lists.pagelist.PageListScreenshotSpec" time="5.179"/>
  <testcase name="Appearance of Component with Default variant and Default Badge in XXLG" classname="specs.component.lists.pagelist.PageListScreenshotSpec" time="5.376"/>
  <testcase name="Appearance of Component with Default variant and Icon Badge in XS" classname="specs.component.lists.pagelist.PageListScreenshotSpec" time="4.65"/>
  <testcase name="Appearance of Component with Default variant and Icon Badge in SM" classname="specs.component.lists.pagelist.PageListScreenshotSpec" time="4.609"/>
  <testcase name="Appearance of Component with Default variant and Icon Badge in MD" classname="specs.component.lists.pagelist.PageListScreenshotSpec" time="4.589"/>
  <testcase name="Appearance of Component with Default variant and Icon Badge in LG" classname="specs.component.lists.pagelist.PageListScreenshotSpec" time="4.942"/>
  <testcase name="Appearance of Component with Default variant and Icon Badge in XLG" classname="specs.component.lists.pagelist.PageListScreenshotSpec" time="5.216"/>
  <testcase name="Appearance of Component with Default variant and Icon Badge in XXLG" classname="specs.component.lists.pagelist.PageListScreenshotSpec" time="5.118"/>
  <testcase name="Appearance of Component with Default variant and Image Badge in XS" classname="specs.component.lists.pagelist.PageListScreenshotSpec" time="5.383"/>
  <testcase name="Appearance of Component with Default variant and Image Badge in SM" classname="specs.component.lists.pagelist.PageListScreenshotSpec" time="4.907"/>
  <testcase name="Appearance of Component with Default variant and Image Badge in MD" classname="specs.component.lists.pagelist.PageListScreenshotSpec" time="6.291"/>
  <testcase name="Appearance of Component with Default variant and Image Badge in LG" classname="specs.component.lists.pagelist.PageListScreenshotSpec" time="6.901"/>
  <testcase name="Appearance of Component with Default variant and Image Badge in XLG" classname="specs.component.lists.pagelist.PageListScreenshotSpec" time="6.809"/>
  <testcase name="Appearance of Component with Default variant and Image Badge in XXLG" classname="specs.component.lists.pagelist.PageListScreenshotSpec" time="7.464"/>
  <testcase name="Appearance of Component with Default variant and Card Badge in XS" classname="specs.component.lists.pagelist.PageListScreenshotSpec" time="4.772"/>
  <testcase name="Appearance of Component with Default variant and Card Badge in SM" classname="specs.component.lists.pagelist.PageListScreenshotSpec" time="5.432"/>
  <testcase name="Appearance of Component with Default variant and Card Badge in MD" classname="specs.component.lists.pagelist.PageListScreenshotSpec" time="6.242"/>
  <testcase name="Appearance of Component with Default variant and Card Badge in LG" classname="specs.component.lists.pagelist.PageListScreenshotSpec" time="6.593"/>
  <testcase name="Appearance of Component with Default variant and Card Badge in XLG" classname="specs.component.lists.pagelist.PageListScreenshotSpec" time="7.016"/>
  <testcase name="Appearance of Component with Default variant and Card Badge in XXLG" classname="specs.component.lists.pagelist.PageListScreenshotSpec" time="7.714"/>
  <testcase name="Appearance of Component with Basic list with links in XS" classname="specs.component.lists.pagelist.PageListScreenshotSpec" time="4.54"/>
  <testcase name="Appearance of Component with Basic list with links in SM" classname="specs.component.lists.pagelist.PageListScreenshotSpec" time="4.819"/>
  <testcase name="Appearance of Component with Basic list with links in MD" classname="specs.component.lists.pagelist.PageListScreenshotSpec" time="4.92"/>
  <testcase name="Appearance of Component with Basic list with links in LG" classname="specs.component.lists.pagelist.PageListScreenshotSpec" time="4.979"/>
  <testcase name="Appearance of Component with Basic list with links in XLG" classname="specs.component.lists.pagelist.PageListScreenshotSpec" time="5.304"/>
  <testcase name="Appearance of Component with Basic list with links in XXLG" classname="specs.component.lists.pagelist.PageListScreenshotSpec" time="5.656"/>
  <testcase name="Appearance of Component with Basic list with links inline in XS" classname="specs.component.lists.pagelist.PageListScreenshotSpec" time="4.422"/>
  <testcase name="Appearance of Component with Basic list with links inline in SM" classname="specs.component.lists.pagelist.PageListScreenshotSpec" time="4.757"/>
  <testcase name="Appearance of Component with Basic list with links inline in MD" classname="specs.component.lists.pagelist.PageListScreenshotSpec" time="4.717"/>
  <testcase name="Appearance of Component with Basic list with links inline in LG" classname="specs.component.lists.pagelist.PageListScreenshotSpec" time="4.871"/>
  <testcase name="Appearance of Component with Basic list with links inline in XLG" classname="specs.component.lists.pagelist.PageListScreenshotSpec" time="5.274"/>
  <testcase name="Appearance of Component with Basic list with links inline in XXLG" classname="specs.component.lists.pagelist.PageListScreenshotSpec" time="5.635"/>
  <testcase name="Appearance of Component as a Carousel in XS" classname="specs.component.lists.pagelist.PageListScreenshotSpec" time="5.048"/>
  <testcase name="Appearance of Component as a Carousel in SM" classname="specs.component.lists.pagelist.PageListScreenshotSpec" time="5.206"/>
  <testcase name="Appearance of Component as a Carousel in MD" classname="specs.component.lists.pagelist.PageListScreenshotSpec" time="6.013"/>
  <testcase name="Appearance of Component as a Carousel in LG" classname="specs.component.lists.pagelist.PageListScreenshotSpec" time="6.951"/>
  <testcase name="Appearance of Component as a Carousel in XLG" classname="specs.component.lists.pagelist.PageListScreenshotSpec" time="7.112"/>
  <testcase name="Appearance of Component as a Carousel in XXLG" classname="specs.component.lists.pagelist.PageListScreenshotSpec" time="7.56"/>
  <testcase name="Appearance of Component as Medium Cards in XS" classname="specs.component.lists.pagelist.PageListScreenshotSpec" time="4.933"/>
  <testcase name="Appearance of Component as Medium Cards in SM" classname="specs.component.lists.pagelist.PageListScreenshotSpec" time="5.86"/>
  <testcase name="Appearance of Component as Medium Cards in MD" classname="specs.component.lists.pagelist.PageListScreenshotSpec" time="5.464"/>
  <testcase name="Appearance of Component as Medium Cards in LG" classname="specs.component.lists.pagelist.PageListScreenshotSpec" time="5.71"/>
  <testcase name="Appearance of Component as Medium Cards in XLG" classname="specs.component.lists.pagelist.PageListScreenshotSpec" time="6.138"/>
  <testcase name="Appearance of Component as Medium Cards in XXLG" classname="specs.component.lists.pagelist.PageListScreenshotSpec" time="6.309"/>
  <testcase name="Appearance of Component as Medium Cards Tall in XS" classname="specs.component.lists.pagelist.PageListScreenshotSpec" time="5.122"/>
  <testcase name="Appearance of Component as Medium Cards Tall in SM" classname="specs.component.lists.pagelist.PageListScreenshotSpec" time="5.46"/>
  <testcase name="Appearance of Component as Medium Cards Tall in MD" classname="specs.component.lists.pagelist.PageListScreenshotSpec" time="5.987"/>
  <testcase name="Appearance of Component as Medium Cards Tall in LG" classname="specs.component.lists.pagelist.PageListScreenshotSpec" time="5.903"/>
  <testcase name="Appearance of Component as Medium Cards Tall in XLG" classname="specs.component.lists.pagelist.PageListScreenshotSpec" time="6.033"/>
  <testcase name="Appearance of Component as Medium Cards Tall in XXLG" classname="specs.component.lists.pagelist.PageListScreenshotSpec" time="6.124"/>
  <testcase name="Appearance of Component as Medium Cards (flush side-by-side) in XS" classname="specs.component.lists.pagelist.PageListScreenshotSpec" time="5.313"/>
  <testcase name="Appearance of Component as Medium Cards (flush side-by-side) in SM" classname="specs.component.lists.pagelist.PageListScreenshotSpec" time="5.19"/>
  <testcase name="Appearance of Component as Medium Cards (flush side-by-side) in MD" classname="specs.component.lists.pagelist.PageListScreenshotSpec" time="5.757"/>
  <testcase name="Appearance of Component as Medium Cards (flush side-by-side) in LG" classname="specs.component.lists.pagelist.PageListScreenshotSpec" time="5.771"/>
  <testcase name="Appearance of Component as Medium Cards (flush side-by-side) in XLG" classname="specs.component.lists.pagelist.PageListScreenshotSpec" time="5.899"/>
  <testcase name="Appearance of Component as Medium Cards (flush side-by-side) in XXLG" classname="specs.component.lists.pagelist.PageListScreenshotSpec" time="6.51"/>
  <testcase name="Appearance of Component as Large Card in XS" classname="specs.component.lists.pagelist.PageListScreenshotSpec" time="4.927"/>
  <testcase name="Appearance of Component as Large Card in SM" classname="specs.component.lists.pagelist.PageListScreenshotSpec" time="5"/>
  <testcase name="Appearance of Component as Large Card in MD" classname="specs.component.lists.pagelist.PageListScreenshotSpec" time="5.752"/>
  <testcase name="Appearance of Component as Large Card in LG" classname="specs.component.lists.pagelist.PageListScreenshotSpec" time="5.233"/>
  <testcase name="Appearance of Component as Large Card in XLG" classname="specs.component.lists.pagelist.PageListScreenshotSpec" time="5.412"/>
  <testcase name="Appearance of Component as Large Card in XXLG" classname="specs.component.lists.pagelist.PageListScreenshotSpec" time="5.996"/>
  <testcase name="Appearance of Component as Promoted Cards in XS" classname="specs.component.lists.pagelist.PageListScreenshotSpec" time="4.548"/>
  <testcase name="Appearance of Component as Promoted Cards in SM" classname="specs.component.lists.pagelist.PageListScreenshotSpec" time="4.765"/>
  <testcase name="Appearance of Component as Promoted Cards in MD" classname="specs.component.lists.pagelist.PageListScreenshotSpec" time="5.148"/>
  <testcase name="Appearance of Component as Promoted Cards in LG" classname="specs.component.lists.pagelist.PageListScreenshotSpec" time="5.281"/>
  <testcase name="Appearance of Component as Promoted Cards in XLG" classname="specs.component.lists.pagelist.PageListScreenshotSpec" time="5.279"/>
  <testcase name="Appearance of Component as Promoted Cards in XXLG" classname="specs.component.lists.pagelist.PageListScreenshotSpec" time="5.613"/>
  <testcase name="Badge: Card Coloured with Image, Title, Subtitle, Description and Action in XS" classname="specs.component.lists.pagelist.PageListScreenshotSpec" time="4.967"/>
  <testcase name="Badge: Card Coloured with Image, Title, Subtitle, Description and Action in SM" classname="specs.component.lists.pagelist.PageListScreenshotSpec" time="5.225"/>
  <testcase name="Badge: Card Coloured with Image, Title, Subtitle, Description and Action in MD" classname="specs.component.lists.pagelist.PageListScreenshotSpec" time="5.857"/>
  <testcase name="Badge: Card Coloured with Image, Title, Subtitle, Description and Action in LG" classname="specs.component.lists.pagelist.PageListScreenshotSpec" time="6.185"/>
  <testcase name="Badge: Card Coloured with Image, Title, Subtitle, Description and Action in XLG" classname="specs.component.lists.pagelist.PageListScreenshotSpec" time="6.595"/>
  <testcase name="Badge: Card Coloured with Image, Title, Subtitle, Description and Action in XXLG" classname="specs.component.lists.pagelist.PageListScreenshotSpec" time="6.788"/>
  <testcase name="Badge: Card with Image, Title and Action in XS" classname="specs.component.lists.pagelist.PageListScreenshotSpec" time="5.245"/>
  <testcase name="Badge: Card with Image, Title and Action in SM" classname="specs.component.lists.pagelist.PageListScreenshotSpec" time="5.281"/>
  <testcase name="Badge: Card with Image, Title and Action in MD" classname="specs.component.lists.pagelist.PageListScreenshotSpec" time="5.747"/>
  <testcase name="Badge: Card with Image, Title and Action in LG" classname="specs.component.lists.pagelist.PageListScreenshotSpec" time="5.616"/>
  <testcase name="Badge: Card with Image, Title and Action in XLG" classname="specs.component.lists.pagelist.PageListScreenshotSpec" time="5.891"/>
  <testcase name="Badge: Card with Image, Title and Action in XXLG" classname="specs.component.lists.pagelist.PageListScreenshotSpec" time="6.415"/>
  <testcase name="Badge: Card with Image, Title and Action and Card Style set to outline with override on Badge CTA in XS" classname="specs.component.lists.pagelist.PageListScreenshotSpec" time="5.168"/>
  <testcase name="Badge: Card with Image, Title and Action and Card Style set to outline with override on Badge CTA in SM" classname="specs.component.lists.pagelist.PageListScreenshotSpec" time="5.4"/>
  <testcase name="Badge: Card with Image, Title and Action and Card Style set to outline with override on Badge CTA in MD" classname="specs.component.lists.pagelist.PageListScreenshotSpec" time="5.984"/>
  <testcase name="Badge: Card with Image, Title and Action and Card Style set to outline with override on Badge CTA in LG" classname="specs.component.lists.pagelist.PageListScreenshotSpec" time="5.762"/>
  <testcase name="Badge: Card with Image, Title and Action and Card Style set to outline with override on Badge CTA in XLG" classname="specs.component.lists.pagelist.PageListScreenshotSpec" time="6.149"/>
  <testcase name="Badge: Card with Image, Title and Action and Card Style set to outline with override on Badge CTA in XXLG" classname="specs.component.lists.pagelist.PageListScreenshotSpec" time="6.182"/>
  <testcase name="Badge: Card with Image, Title and Action and Card Style set to outline in XS" classname="specs.component.lists.pagelist.PageListScreenshotSpec" time="5.328"/>
  <testcase name="Badge: Card with Image, Title and Action and Card Style set to outline in SM" classname="specs.component.lists.pagelist.PageListScreenshotSpec" time="5.415"/>
  <testcase name="Badge: Card with Image, Title and Action and Card Style set to outline in MD" classname="specs.component.lists.pagelist.PageListScreenshotSpec" time="5.906"/>
  <testcase name="Badge: Card with Image, Title and Action and Card Style set to outline in LG" classname="specs.component.lists.pagelist.PageListScreenshotSpec" time="6.67"/>
  <testcase name="Badge: Card with Image, Title and Action and Card Style set to outline in XLG" classname="specs.component.lists.pagelist.PageListScreenshotSpec" time="10.167"/>
  <testcase name="Badge: Card with Image, Title and Action and Card Style set to outline in XXLG" classname="specs.component.lists.pagelist.PageListScreenshotSpec" time="13.976"/>
  <testcase name="Badge: Card with Title, Description and Action without Override in XS" classname="specs.component.lists.pagelist.PageListScreenshotSpec" time="11.132"/>
  <testcase name="Badge: Card with Title, Description and Action without Override in SM" classname="specs.component.lists.pagelist.PageListScreenshotSpec" time="10.501"/>
  <testcase name="Badge: Card with Title, Description and Action without Override in MD" classname="specs.component.lists.pagelist.PageListScreenshotSpec" time="10.407"/>
  <testcase name="Badge: Card with Title, Description and Action without Override in LG" classname="specs.component.lists.pagelist.PageListScreenshotSpec" time="9.297"/>
  <testcase name="Badge: Card with Title, Description and Action without Override in XLG" classname="specs.component.lists.pagelist.PageListScreenshotSpec" time="9.469"/>
  <testcase name="Badge: Card with Title, Description and Action without Override in XXLG" classname="specs.component.lists.pagelist.PageListScreenshotSpec" time="10.106"/>
  <testcase name="Badge: Selectable Card with Title, Tags and Description in XS" classname="specs.component.lists.pagelist.PageListScreenshotSpec" time="9.317"/>
  <testcase name="Badge: Selectable Card with Title, Tags and Description in SM" classname="specs.component.lists.pagelist.PageListScreenshotSpec" time="9.315"/>
  <testcase name="Badge: Selectable Card with Title, Tags and Description in MD" classname="specs.component.lists.pagelist.PageListScreenshotSpec" time="10.816"/>
  <testcase name="Badge: Selectable Card with Title, Tags and Description in LG" classname="specs.component.lists.pagelist.PageListScreenshotSpec" time="10.61"/>
  <testcase name="Badge: Selectable Card with Title, Tags and Description in XLG" classname="specs.component.lists.pagelist.PageListScreenshotSpec" time="12.281"/>
  <testcase name="Badge: Selectable Card with Title, Tags and Description in XXLG" classname="specs.component.lists.pagelist.PageListScreenshotSpec" time="12.03"/>
  <testcase name="Badge: Card with Image, Title and Description in XS" classname="specs.component.lists.pagelist.PageListScreenshotSpec" time="9.343"/>
  <testcase name="Badge: Card with Image, Title and Description in SM" classname="specs.component.lists.pagelist.PageListScreenshotSpec" time="10.308"/>
  <testcase name="Badge: Card with Image, Title and Description in MD" classname="specs.component.lists.pagelist.PageListScreenshotSpec" time="11.01"/>
  <testcase name="Badge: Card with Image, Title and Description in LG" classname="specs.component.lists.pagelist.PageListScreenshotSpec" time="11.417"/>
  <testcase name="Badge: Card with Image, Title and Description in XLG" classname="specs.component.lists.pagelist.PageListScreenshotSpec" time="11.669"/>
  <testcase name="Badge: Card with Image, Title and Description in XXLG" classname="specs.component.lists.pagelist.PageListScreenshotSpec" time="12.342"/>
  <testcase name="Badge: Card with Icon and Description in XS" classname="specs.component.lists.pagelist.PageListScreenshotSpec" time="8.628"/>
  <testcase name="Badge: Card with Icon and Description in SM" classname="specs.component.lists.pagelist.PageListScreenshotSpec" time="9.839"/>
  <testcase name="Badge: Card with Icon and Description in MD" classname="specs.component.lists.pagelist.PageListScreenshotSpec" time="8.923"/>
  <testcase name="Badge: Card with Icon and Description in LG" classname="specs.component.lists.pagelist.PageListScreenshotSpec" time="9.487"/>
  <testcase name="Badge: Card with Icon and Description in XLG" classname="specs.component.lists.pagelist.PageListScreenshotSpec" time="9.863"/>
  <testcase name="Badge: Card with Icon and Description in XXLG" classname="specs.component.lists.pagelist.PageListScreenshotSpec" time="10.424"/>
  <testcase name="Badge: Card with Icon in XS" classname="specs.component.lists.pagelist.PageListScreenshotSpec" time="7.808"/>
  <testcase name="Badge: Card with Icon in SM" classname="specs.component.lists.pagelist.PageListScreenshotSpec" time="7.892"/>
  <testcase name="Badge: Card with Icon in MD" classname="specs.component.lists.pagelist.PageListScreenshotSpec" time="8.258"/>
  <testcase name="Badge: Card with Icon in LG" classname="specs.component.lists.pagelist.PageListScreenshotSpec" time="8.451"/>
  <testcase name="Badge: Card with Icon in XLG" classname="specs.component.lists.pagelist.PageListScreenshotSpec" time="8.75"/>
  <testcase name="Badge: Card with Icon in XXLG" classname="specs.component.lists.pagelist.PageListScreenshotSpec" time="9.732"/>
</testsuite>